<?xml version="1.0" encoding="UTF-8"?>
<!-- Generated by org.testng.reporters.JUnitReportReporter -->
<testsuite hostname="HIRAL" failures="0" tests="3" name="com.herokuapp.testsuite.LoginPageTest" time="11.853" errors="0" timestamp="2022-12-13T10:22:35 GMT" skipped="0">
  <testcase classname="com.herokuapp.testsuite.LoginPageTest" name="verifyTheUsernameErrorMessage" time="3.955"/>
  <system-out>
    <![CDATA[Enter usrnametomsmith1to username fieldtomsmith1
Enter passwardSuperSecretPassword!to passward Field[[ChromeDriver: chrome on WINDOWS (3d902a6a57044e5829851684942b8f71)] -> id: password]
Click on Login button[[ChromeDriver: chrome on WINDOWS (3d902a6a57044e5829851684942b8f71)] -> xpath: //i[contains(text(),'Login')]]]]>
  </system-out>
  <testcase classname="com.herokuapp.testsuite.LoginPageTest" name="userSholdLoginSuccessfullyWithValidCredentials" time="5.082"/>
  <system-out>
    <![CDATA[Enter usrnametomsmithto username fieldtomsmith
Enter passwardSuperSecretPassword!to passward Field[[ChromeDriver: chrome on WINDOWS (6b8ca2596fffc873708131bebf34db55)] -> id: password]
Click on Login button[[ChromeDriver: chrome on WINDOWS (6b8ca2596fffc873708131bebf34db55)] -> xpath: //i[contains(text(),'Login')]]
Verify message[[ChromeDriver: chrome on WINDOWS (6b8ca2596fffc873708131bebf34db55)] -> xpath: //h2[text()=' Secure Area']]]]>
  </system-out>
  <testcase classname="com.herokuapp.testsuite.LoginPageTest" name="verifyThePasswordErrorMessage" time="2.816"/>
  <system-out>
    <![CDATA[Enter usrnametomsmithto username fieldtomsmith
Enter passwardSuperSecretPasswordto passward Field[[ChromeDriver: chrome on WINDOWS (0a68d7ee39a70a7a4f73b12845dc93f1)] -> id: password]
Click on Login button[[ChromeDriver: chrome on WINDOWS (0a68d7ee39a70a7a4f73b12845dc93f1)] -> xpath: //i[contains(text(),'Login')]]
Verify error message[[ChromeDriver: chrome on WINDOWS (0a68d7ee39a70a7a4f73b12845dc93f1)] -> xpath: //div[@class = 'flash error']]]]>
  </system-out>
</testsuite> <!-- com.herokuapp.testsuite.LoginPageTest -->
